<?xml version="1.0" encoding="UTF-8"?>
<!-- Generated by org.testng.reporters.JUnitXMLReporter -->
<testsuite hostname="PC0050" name="Test" tests="4" failures="0" timestamp="26 May 2014 02:56:36 GMT" time="39.635" errors="0">
  <testcase name="@BeforeClass doBeforeClass" time="0.0" classname="com.netease.test.ClickOperations">
    <failure type="java.lang.NullPointerException">
      <![CDATA[java.lang.NullPointerException
	at com.netease.dagger.BrowserEmulator.handleFailure(BrowserEmulator.java:485)
	at com.netease.dagger.BrowserEmulator.expectElementExistOrNot(BrowserEmulator.java:410)
	at com.netease.test.CommonFunction.openCaptain(CommonFunction.java:27)
	at com.netease.test.ClickOperations.doBeforeClass(ClickOperations.java:21)
... Removed 24 stack frames]]>
    </failure>
  </testcase> <!-- @BeforeClass doBeforeClass -->
  <testcase name="clickOperations" time="0.001" classname="com.netease.test.ClickOperations">
    <skipped/>
  </testcase> <!-- clickOperations -->
  <testcase name="clickButton" time="0.001" classname="com.netease.test.ClickOperations">
    <skipped/>
  </testcase> <!-- clickButton -->
  <testcase name="clickLink" time="0.001" classname="com.netease.test.ClickOperations">
    <skipped/>
  </testcase> <!-- clickLink -->
  <testcase name="submitForm" time="0.001" classname="com.netease.test.ClickOperations">
    <skipped/>
  </testcase> <!-- submitForm -->
</testsuite> <!-- Test -->
