<?xml version="1.0" encoding="UTF-8"?>
<!-- Generated by org.testng.reporters.JUnitXMLReporter -->
<testsuite hostname="PC0050" name="Test" tests="4" failures="0" timestamp="10 Jul 2014 10:38:47 GMT" time="71.744" errors="0">
  <testcase name="Login" time="18.389" classname="com.fmb.pagetest.DemoTest1"/>
  <testcase name="opentaohuoxiuchang" time="8.95" classname="com.fmb.pagetest.DemoTest1"/>
  <testcase name="createTopic" time="40.46" classname="com.fmb.pagetest.DemoTest1"/>
  <testcase name="quit" time="1.771" classname="com.fmb.pagetest.DemoTest1"/>
</testsuite> <!-- Test -->
