<?xml version="1.0" encoding="UTF-8"?>
<testng-results skipped="0" failed="0" total="4" passed="4">
  <reporter-output>
  </reporter-output>
  <suite name="Suite" duration-ms="71744" started-at="2014-07-10T10:37:35Z" finished-at="2014-07-10T10:38:46Z">
    <groups>
    </groups>
    <test name="Test" duration-ms="71744" started-at="2014-07-10T10:37:35Z" finished-at="2014-07-10T10:38:46Z">
      <class name="com.fmb.pagetest.DemoTest1">
        <test-method status="PASS" signature="beforeClass()[pri:0, instance:com.fmb.pagetest.DemoTest1@1110f31]" name="beforeClass" is-config="true" duration-ms="2164" started-at="2014-07-10T18:37:35Z" finished-at="2014-07-10T18:37:37Z">
          <reporter-output>
          </reporter-output>
        </test-method> <!-- beforeClass -->
        <test-method status="PASS" signature="Login()[pri:0, instance:com.fmb.pagetest.DemoTest1@1110f31]" name="Login" duration-ms="18389" started-at="2014-07-10T18:37:37Z" finished-at="2014-07-10T18:37:55Z">
          <reporter-output>
          </reporter-output>
        </test-method> <!-- Login -->
        <test-method status="PASS" signature="opentaohuoxiuchang()[pri:0, instance:com.fmb.pagetest.DemoTest1@1110f31]" name="opentaohuoxiuchang" duration-ms="8950" started-at="2014-07-10T18:37:55Z" depends-on-methods="com.fmb.pagetest.DemoTest1.Login" finished-at="2014-07-10T18:38:04Z">
          <reporter-output>
          </reporter-output>
        </test-method> <!-- opentaohuoxiuchang -->
        <test-method status="PASS" signature="createTopic()[pri:0, instance:com.fmb.pagetest.DemoTest1@1110f31]" name="createTopic" duration-ms="40460" started-at="2014-07-10T18:38:04Z" depends-on-methods="com.fmb.pagetest.DemoTest1.opentaohuoxiuchang" finished-at="2014-07-10T18:38:45Z">
          <reporter-output>
          </reporter-output>
        </test-method> <!-- createTopic -->
        <test-method status="PASS" signature="quit()[pri:0, instance:com.fmb.pagetest.DemoTest1@1110f31]" name="quit" duration-ms="1771" started-at="2014-07-10T18:38:45Z" depends-on-methods="com.fmb.pagetest.DemoTest1.createTopic" finished-at="2014-07-10T18:38:46Z">
          <reporter-output>
          </reporter-output>
        </test-method> <!-- quit -->
      </class> <!-- com.fmb.pagetest.DemoTest1 -->
    </test> <!-- Test -->
  </suite> <!-- Suite -->
</testng-results>
